Using pre-set license
Built from '2020.3/staging' branch; Version is '2020.3.6f1 (338bb68529b2) revision 3378102'; Using compiler version '192528614'; Build Type 'Release'
OS: 'Windows 10 Pro; OS build 19043.1645; Version 2009; 64bit' Language: 'en' Physical Memory: 16285 MB
BatchMode: 1, IsHumanControllingUs: 0, StartBugReporterOnCrash: 0, Is64bit: 1, IsPro: 0

 COMMAND LINE ARGUMENTS:
C:\Program Files\Unity\Hub\Editor\2020.3.6f1\Editor\Unity.exe
-adb2
-batchMode
-noUpm
-name
AssetImportWorker0
-projectPath
C:/Users/Addam/OneDrive/Desktop/Unity Projects 2.0/Control_Room/Control_Room
-logFile
Logs/AssetImportWorker0.log
-srvPort
58751
Successfully changed project path to: C:/Users/Addam/OneDrive/Desktop/Unity Projects 2.0/Control_Room/Control_Room
C:/Users/Addam/OneDrive/Desktop/Unity Projects 2.0/Control_Room/Control_Room
Using Asset Import Pipeline V2.
Refreshing native plugins compatible for Editor in 23.38 ms, found 0 plugins.
Preloading 0 native plugins for Editor in 0.00 ms.
Initialize engine version: 2020.3.6f1 (338bb68529b2)
[Subsystems] Discovering subsystems at path C:/Program Files/Unity/Hub/Editor/2020.3.6f1/Editor/Data/Resources/UnitySubsystems
[Subsystems] Discovering subsystems at path C:/Users/Addam/OneDrive/Desktop/Unity Projects 2.0/Control_Room/Control_Room/Assets
GfxDevice: creating device client; threaded=0
Direct3D:
    Version:  Direct3D 11.0 [level 11.1]
    Renderer: NVIDIA GeForce GTX 970 (ID=0x13c2)
    Vendor:   
    VRAM:     4043 MB
    Driver:   30.0.15.1179
Initialize mono
Mono path[0] = 'C:/Program Files/Unity/Hub/Editor/2020.3.6f1/Editor/Data/Managed'
Mono path[1] = 'C:/Program Files/Unity/Hub/Editor/2020.3.6f1/Editor/Data/MonoBleedingEdge/lib/mono/unityjit'
Mono config path = 'C:/Program Files/Unity/Hub/Editor/2020.3.6f1/Editor/Data/MonoBleedingEdge/etc'
Using monoOptions --debugger-agent=transport=dt_socket,embedding=1,server=y,suspend=n,address=127.0.0.1:56592
Begin MonoManager ReloadAssembly
Registering precompiled unity dll's ...
Register platform support module: C:/Program Files/Unity/Hub/Editor/2020.3.6f1/Editor/Data/PlaybackEngines/WebGLSupport/UnityEditor.WebGL.Extensions.dll
Register platform support module: C:/Program Files/Unity/Hub/Editor/2020.3.6f1/Editor/Data/PlaybackEngines/WindowsStandaloneSupport/UnityEditor.WindowsStandalone.Extensions.dll
Registered in 0.002685 seconds.
Native extension for WindowsStandalone target not found
Native extension for WebGL target not found
Refreshing native plugins compatible for Editor in 31.43 ms, found 0 plugins.
Preloading 0 native plugins for Editor in 0.00 ms.
Mono: successfully reloaded assembly
- Completed reload, in  1.506 seconds
Platform modules already initialized, skipping
Registering precompiled user dll's ...
Registered in 0.001968 seconds.
Begin MonoManager ReloadAssembly
Native extension for WindowsStandalone target not found
Native extension for WebGL target not found
Refreshing native plugins compatible for Editor in 0.26 ms, found 0 plugins.
Preloading 0 native plugins for Editor in 0.00 ms.
Mono: successfully reloaded assembly
- Completed reload, in  1.129 seconds
Platform modules already initialized, skipping
========================================================================
Worker process is ready to serve import requests
Launched and connected shader compiler UnityShaderCompiler.exe after 0.06 seconds
Refreshing native plugins compatible for Editor in 0.26 ms, found 0 plugins.
Preloading 0 native plugins for Editor in 0.00 ms.
Unloading 1117 Unused Serialized files (Serialized files now loaded: 0)
System memory in use before: 57.6 MB.
System memory in use after: 57.6 MB.

Unloading 12 unused Assets to reduce memory usage. Loaded Objects now: 1559.
Total: 1.774900 ms (FindLiveObjects: 0.127800 ms CreateObjectMapping: 0.040800 ms MarkObjects: 1.531300 ms  DeleteObjects: 0.074200 ms)

========================================================================
Received Import Request.
  path: Assets/New Lighting Settings.lighting
  artifactKey: Guid(d33d23aa433828d4ead6e5edc08ef76f) Importer(815301076,1909f56bfc062723c751e8b465ee728b)
Start importing Assets/New Lighting Settings.lighting using Guid(d33d23aa433828d4ead6e5edc08ef76f) Importer(815301076,1909f56bfc062723c751e8b465ee728b)  -> (artifact id: '308c7685ec1df16525cdc26a09b892ba') in 0.053691 seconds
  Import took 0.058334 seconds .

========================================================================
Received Import Request.
  Time since last request: 1705.347764 seconds.
  path: Assets/New Prefab.prefab
  artifactKey: Guid(d31224a3ee4c0fd47976381d20a96a7a) Importer(815301076,1909f56bfc062723c751e8b465ee728b)
Start importing Assets/New Prefab.prefab using Guid(d31224a3ee4c0fd47976381d20a96a7a) Importer(815301076,1909f56bfc062723c751e8b465ee728b)  -> (artifact id: '60b0a17dfadd5bb3e807e611a50a1da6') in 0.041150 seconds
  Import took 0.046950 seconds .

========================================================================
Received Import Request.
  Time since last request: 25.860359 seconds.
  path: Assets/Prefab
  artifactKey: Guid(2cbae7754b3c9af4280e25a99fc24e9f) Importer(815301076,1909f56bfc062723c751e8b465ee728b)
Start importing Assets/Prefab using Guid(2cbae7754b3c9af4280e25a99fc24e9f) Importer(815301076,1909f56bfc062723c751e8b465ee728b)  -> (artifact id: 'c69084998d580faa20985b2cb1e114a6') in 0.009254 seconds
  Import took 0.012923 seconds .

========================================================================
Received Import Request.
  Time since last request: 0.000432 seconds.
  path: Assets/Prefab
  artifactKey: Guid(2cbae7754b3c9af4280e25a99fc24e9f) Importer(815301076,1909f56bfc062723c751e8b465ee728b)
Start importing Assets/Prefab using Guid(2cbae7754b3c9af4280e25a99fc24e9f) Importer(815301076,1909f56bfc062723c751e8b465ee728b)  -> (artifact id: 'c69084998d580faa20985b2cb1e114a6') in 0.003499 seconds
  Import took 0.006754 seconds .

========================================================================
Received Import Request.
  Time since last request: 2.931487 seconds.
  path: Assets/GameDevHQ/FileBase/Plugin
  artifactKey: Guid(dae99c814b6d68a40877360b256b06a5) Importer(815301076,1909f56bfc062723c751e8b465ee728b)
Start importing Assets/GameDevHQ/FileBase/Plugin using Guid(dae99c814b6d68a40877360b256b06a5) Importer(815301076,1909f56bfc062723c751e8b465ee728b)  -> (artifact id: '9694780a427f1113033049e829281f06') in 0.014553 seconds
  Import took 0.018715 seconds .

========================================================================
Received Import Request.
  Time since last request: 6.404846 seconds.
  path: Assets/Prefab/Floor
  artifactKey: Guid(0045195554e0e894b82048251ca225b4) Importer(815301076,1909f56bfc062723c751e8b465ee728b)
Start importing Assets/Prefab/Floor using Guid(0045195554e0e894b82048251ca225b4) Importer(815301076,1909f56bfc062723c751e8b465ee728b)  -> (artifact id: 'e57f75ccb24b3c019ebb39ae9681f826') in 0.007985 seconds
  Import took 0.010698 seconds .

========================================================================
Received Import Request.
  Time since last request: 0.000722 seconds.
  path: Assets/Prefab/Floor
  artifactKey: Guid(0045195554e0e894b82048251ca225b4) Importer(815301076,1909f56bfc062723c751e8b465ee728b)
Start importing Assets/Prefab/Floor using Guid(0045195554e0e894b82048251ca225b4) Importer(815301076,1909f56bfc062723c751e8b465ee728b)  -> (artifact id: 'e57f75ccb24b3c019ebb39ae9681f826') in 0.002078 seconds
  Import took 0.004756 seconds .

========================================================================
Received Import Request.
  Time since last request: 30.045886 seconds.
  path: Assets/Prefab/Floors
  artifactKey: Guid(211aa9e4b54ca304784bfd7103087de9) Importer(815301076,1909f56bfc062723c751e8b465ee728b)
Start importing Assets/Prefab/Floors using Guid(211aa9e4b54ca304784bfd7103087de9) Importer(815301076,1909f56bfc062723c751e8b465ee728b)  -> (artifact id: 'b8d768d35d5f2a74933f532152466111') in 0.006445 seconds
  Import took 0.008852 seconds .

========================================================================
Received Import Request.
  Time since last request: 41.167491 seconds.
  path: Assets/Scenes
  artifactKey: Guid(aaed54906343a32469acd1f313e79414) Importer(815301076,1909f56bfc062723c751e8b465ee728b)
Start importing Assets/Scenes using Guid(aaed54906343a32469acd1f313e79414) Importer(815301076,1909f56bfc062723c751e8b465ee728b)  -> (artifact id: '30a1d423ac468813e0e7977f8f884341') in 0.006567 seconds
  Import took 0.009456 seconds .

========================================================================
Received Import Request.
  Time since last request: 118.279158 seconds.
  path: Assets/Prefab/Floors/Scifi_Floors_05 (10).prefab
  artifactKey: Guid(417cce0c5a9e84944b910f74ed068e1f) Importer(815301076,1909f56bfc062723c751e8b465ee728b)
Start importing Assets/Prefab/Floors/Scifi_Floors_05 (10).prefab using Guid(417cce0c5a9e84944b910f74ed068e1f) Importer(815301076,1909f56bfc062723c751e8b465ee728b)  -> (artifact id: 'e9be785574c2e20655f290b09667a1ea') in 0.109561 seconds
  Import took 0.112547 seconds .

========================================================================
Received Import Request.
  Time since last request: 230.438459 seconds.
  path: Assets/Prefab/Floors/Scifi_Floors_05 (10).prefab
  artifactKey: Guid(417cce0c5a9e84944b910f74ed068e1f) Importer(815301076,1909f56bfc062723c751e8b465ee728b)
Start importing Assets/Prefab/Floors/Scifi_Floors_05 (10).prefab using Guid(417cce0c5a9e84944b910f74ed068e1f) Importer(815301076,1909f56bfc062723c751e8b465ee728b)  -> (artifact id: 'd2757d6103fa649b861eb5bfbdd4c2b6') in 0.022276 seconds
  Import took 0.026266 seconds .

========================================================================
Received Import Request.
  Time since last request: 6.616519 seconds.
  path: Assets/Prefab/Floors/Scifi_Floors_05 (10).prefab
  artifactKey: Guid(417cce0c5a9e84944b910f74ed068e1f) Importer(815301076,1909f56bfc062723c751e8b465ee728b)
Start importing Assets/Prefab/Floors/Scifi_Floors_05 (10).prefab using Guid(417cce0c5a9e84944b910f74ed068e1f) Importer(815301076,1909f56bfc062723c751e8b465ee728b)  -> (artifact id: '24a7aebdee38315c932c6b6cda39a85c') in 0.018565 seconds
  Import took 0.022087 seconds .

========================================================================
Received Import Request.
  Time since last request: 2485.623520 seconds.
  path: Assets/Prefab/Walls
  artifactKey: Guid(1735a7a7b711723449bf1ebb1d440fdf) Importer(815301076,1909f56bfc062723c751e8b465ee728b)
Start importing Assets/Prefab/Walls using Guid(1735a7a7b711723449bf1ebb1d440fdf) Importer(815301076,1909f56bfc062723c751e8b465ee728b)  -> (artifact id: '60da62fca309f3f3875999b6f9fba95d') in 0.006712 seconds
  Import took 0.012207 seconds .

========================================================================
Received Import Request.
  Time since last request: 16.583163 seconds.
  path: Assets/Prefab/Walls/Wall_01.prefab
  artifactKey: Guid(912b5bdce3ff97a499265fbbfeb40684) Importer(815301076,1909f56bfc062723c751e8b465ee728b)
Start importing Assets/Prefab/Walls/Wall_01.prefab using Guid(912b5bdce3ff97a499265fbbfeb40684) Importer(815301076,1909f56bfc062723c751e8b465ee728b)  -> (artifact id: '0b205708dc274e685533ed0b00eee78d') in 0.035304 seconds
  Import took 0.038915 seconds .

========================================================================
Received Import Request.
  Time since last request: 1093.395571 seconds.
  path: Assets/Prefab/Walls/Wall_02.prefab
  artifactKey: Guid(cae88498c273f2b4280cee820a385afc) Importer(815301076,1909f56bfc062723c751e8b465ee728b)
Start importing Assets/Prefab/Walls/Wall_02.prefab using Guid(cae88498c273f2b4280cee820a385afc) Importer(815301076,1909f56bfc062723c751e8b465ee728b)  -> (artifact id: '9392ea3edfa78d79914c996b29184824') in 0.055472 seconds
  Import took 0.061519 seconds .

========================================================================
Received Import Request.
  Time since last request: 854.131680 seconds.
  path: Assets/Prefab/Walls/Wall_02.prefab
  artifactKey: Guid(cae88498c273f2b4280cee820a385afc) Importer(815301076,1909f56bfc062723c751e8b465ee728b)
Start importing Assets/Prefab/Walls/Wall_02.prefab using Guid(cae88498c273f2b4280cee820a385afc) Importer(815301076,1909f56bfc062723c751e8b465ee728b)  -> (artifact id: '449b2d55d3a9fa6650a52c2a72c3cb4c') in 0.041779 seconds
  Import took 0.046725 seconds .

AssetImportWorkerClient::OnTransportError - code=2 error=End of file
