Using pre-set license
Built from '2020.3/staging' branch; Version is '2020.3.6f1 (338bb68529b2) revision 3378102'; Using compiler version '192528614'; Build Type 'Release'
OS: 'Windows 10 Pro; OS build 19043.1645; Version 2009; 64bit' Language: 'en' Physical Memory: 16285 MB
BatchMode: 1, IsHumanControllingUs: 0, StartBugReporterOnCrash: 0, Is64bit: 1, IsPro: 0

 COMMAND LINE ARGUMENTS:
C:\Program Files\Unity\Hub\Editor\2020.3.6f1\Editor\Unity.exe
-adb2
-batchMode
-noUpm
-name
AssetImportWorker0
-projectPath
C:/Users/Addam/OneDrive/Desktop/Unity Projects 2.0/Control_Room/Control_Room
-logFile
Logs/AssetImportWorker0.log
-srvPort
59266
Successfully changed project path to: C:/Users/Addam/OneDrive/Desktop/Unity Projects 2.0/Control_Room/Control_Room
C:/Users/Addam/OneDrive/Desktop/Unity Projects 2.0/Control_Room/Control_Room
Using Asset Import Pipeline V2.
Refreshing native plugins compatible for Editor in 22.79 ms, found 0 plugins.
Preloading 0 native plugins for Editor in 0.00 ms.
Initialize engine version: 2020.3.6f1 (338bb68529b2)
[Subsystems] Discovering subsystems at path C:/Program Files/Unity/Hub/Editor/2020.3.6f1/Editor/Data/Resources/UnitySubsystems
[Subsystems] Discovering subsystems at path C:/Users/Addam/OneDrive/Desktop/Unity Projects 2.0/Control_Room/Control_Room/Assets
GfxDevice: creating device client; threaded=0
Direct3D:
    Version:  Direct3D 11.0 [level 11.1]
    Renderer: NVIDIA GeForce GTX 970 (ID=0x13c2)
    Vendor:   
    VRAM:     4043 MB
    Driver:   30.0.15.1179
Initialize mono
Mono path[0] = 'C:/Program Files/Unity/Hub/Editor/2020.3.6f1/Editor/Data/Managed'
Mono path[1] = 'C:/Program Files/Unity/Hub/Editor/2020.3.6f1/Editor/Data/MonoBleedingEdge/lib/mono/unityjit'
Mono config path = 'C:/Program Files/Unity/Hub/Editor/2020.3.6f1/Editor/Data/MonoBleedingEdge/etc'
Using monoOptions --debugger-agent=transport=dt_socket,embedding=1,server=y,suspend=n,address=127.0.0.1:56752
Begin MonoManager ReloadAssembly
Registering precompiled unity dll's ...
Register platform support module: C:/Program Files/Unity/Hub/Editor/2020.3.6f1/Editor/Data/PlaybackEngines/WebGLSupport/UnityEditor.WebGL.Extensions.dll
Register platform support module: C:/Program Files/Unity/Hub/Editor/2020.3.6f1/Editor/Data/PlaybackEngines/WindowsStandaloneSupport/UnityEditor.WindowsStandalone.Extensions.dll
Registered in 0.005241 seconds.
Native extension for WindowsStandalone target not found
Native extension for WebGL target not found
Refreshing native plugins compatible for Editor in 22.72 ms, found 0 plugins.
Preloading 0 native plugins for Editor in 0.00 ms.
Mono: successfully reloaded assembly
- Completed reload, in  1.619 seconds
Platform modules already initialized, skipping
Registering precompiled user dll's ...
Registered in 0.002991 seconds.
Begin MonoManager ReloadAssembly
Native extension for WindowsStandalone target not found
Native extension for WebGL target not found
Refreshing native plugins compatible for Editor in 0.39 ms, found 0 plugins.
Preloading 0 native plugins for Editor in 0.00 ms.
Mono: successfully reloaded assembly
- Completed reload, in  1.046 seconds
Platform modules already initialized, skipping
========================================================================
Worker process is ready to serve import requests
Launched and connected shader compiler UnityShaderCompiler.exe after 0.05 seconds
Refreshing native plugins compatible for Editor in 0.28 ms, found 0 plugins.
Preloading 0 native plugins for Editor in 0.00 ms.
Unloading 1117 Unused Serialized files (Serialized files now loaded: 0)
System memory in use before: 57.7 MB.
System memory in use after: 57.8 MB.

Unloading 12 unused Assets to reduce memory usage. Loaded Objects now: 1560.
Total: 1.833100 ms (FindLiveObjects: 0.261800 ms CreateObjectMapping: 0.072400 ms MarkObjects: 1.424600 ms  DeleteObjects: 0.073200 ms)

========================================================================
Received Import Request.
  path: Assets/GameDevHQ/FileBase/3D/Environments/Sci-Fi/Scifi_Walls_05_07/FBX/Scifi_Walls_07.fbx
  artifactKey: Guid(79de0a17bb77648f0aa041aa6d1de049) Importer(815301076,1909f56bfc062723c751e8b465ee728b)
Start importing Assets/GameDevHQ/FileBase/3D/Environments/Sci-Fi/Scifi_Walls_05_07/FBX/Scifi_Walls_07.fbx using Guid(79de0a17bb77648f0aa041aa6d1de049) Importer(815301076,1909f56bfc062723c751e8b465ee728b)  -> (artifact id: 'f094b5a8151d9040c0b9bc94ee315f37') in 0.307932 seconds
  Import took 0.311437 seconds .

========================================================================
Received Import Request.
  Time since last request: 0.000242 seconds.
  path: Assets/GameDevHQ/FileBase/3D/Environments/Sci-Fi/Scifi_Walls_05_07/FBX/Scifi_Walls_06.fbx
  artifactKey: Guid(34ec9390a861b4eeba872567d5b6a016) Importer(815301076,1909f56bfc062723c751e8b465ee728b)
Start importing Assets/GameDevHQ/FileBase/3D/Environments/Sci-Fi/Scifi_Walls_05_07/FBX/Scifi_Walls_06.fbx using Guid(34ec9390a861b4eeba872567d5b6a016) Importer(815301076,1909f56bfc062723c751e8b465ee728b)  -> (artifact id: '119cd36d30fa058f1b5979323fc0fc1e') in 0.038087 seconds
  Import took 0.041358 seconds .

========================================================================
Received Import Request.
  Time since last request: 0.000194 seconds.
  path: Assets/GameDevHQ/FileBase/3D/Environments/Sci-Fi/Scifi_Walls_05_07/FBX/Scifi_Walls_05.fbx
  artifactKey: Guid(668dbb44b9cfd44948f7944f5e938edd) Importer(815301076,1909f56bfc062723c751e8b465ee728b)
Start importing Assets/GameDevHQ/FileBase/3D/Environments/Sci-Fi/Scifi_Walls_05_07/FBX/Scifi_Walls_05.fbx using Guid(668dbb44b9cfd44948f7944f5e938edd) Importer(815301076,1909f56bfc062723c751e8b465ee728b)  -> (artifact id: 'a8902835fae0af5ab587a834654be413') in 0.027231 seconds
  Import took 0.029794 seconds .

========================================================================
Received Import Request.
  Time since last request: 1297.657892 seconds.
  path: Assets/GameDevHQ/FileBase/3D/Environments/Sci-Fi/Scifi_Columns_01_03/FBX/Scifi_Columns_02.fbx
  artifactKey: Guid(a9869a2bcd06b4348b0bba10b6dcf06b) Importer(815301076,1909f56bfc062723c751e8b465ee728b)
Start importing Assets/GameDevHQ/FileBase/3D/Environments/Sci-Fi/Scifi_Columns_01_03/FBX/Scifi_Columns_02.fbx using Guid(a9869a2bcd06b4348b0bba10b6dcf06b) Importer(815301076,1909f56bfc062723c751e8b465ee728b)  -> (artifact id: '2cc9cb1c497b9daa1eb0fbb55f39e783') in 0.033402 seconds
  Import took 0.036518 seconds .

========================================================================
Received Import Request.
  Time since last request: 507.937768 seconds.
  path: Assets/GameDevHQ/FileBase/3D/Environments/Sci-Fi/Scifi_Walls_08_10/FBX/Scifi_Walls_09.fbx
  artifactKey: Guid(3ad715f5f359e455e913327fe680bb76) Importer(815301076,1909f56bfc062723c751e8b465ee728b)
Start importing Assets/GameDevHQ/FileBase/3D/Environments/Sci-Fi/Scifi_Walls_08_10/FBX/Scifi_Walls_09.fbx using Guid(3ad715f5f359e455e913327fe680bb76) Importer(815301076,1909f56bfc062723c751e8b465ee728b)  -> (artifact id: 'e47dc1c5fec388ec79a6f3964adb9910') in 0.032888 seconds
  Import took 0.035890 seconds .

========================================================================
Received Import Request.
  Time since last request: 0.564876 seconds.
  path: Assets/GameDevHQ/FileBase/3D/Environments/Sci-Fi/Scifi_Walls_08_10/FBX/Scifi_Walls_08.fbx
  artifactKey: Guid(c1dc751345cc841afb734993260e73fa) Importer(815301076,1909f56bfc062723c751e8b465ee728b)
Start importing Assets/GameDevHQ/FileBase/3D/Environments/Sci-Fi/Scifi_Walls_08_10/FBX/Scifi_Walls_08.fbx using Guid(c1dc751345cc841afb734993260e73fa) Importer(815301076,1909f56bfc062723c751e8b465ee728b)  -> (artifact id: 'dcd7677135d412f97ac3c3d737cf7f08') in 0.032146 seconds
  Import took 0.034908 seconds .

========================================================================
Received Import Request.
  Time since last request: 0.874811 seconds.
  path: Assets/GameDevHQ/FileBase/3D/Environments/Sci-Fi/Scifi_Walls_08_10/FBX/Scifi_Walls_10.fbx
  artifactKey: Guid(d007ea8ac8c9b48f9b669ff448478e6b) Importer(815301076,1909f56bfc062723c751e8b465ee728b)
Start importing Assets/GameDevHQ/FileBase/3D/Environments/Sci-Fi/Scifi_Walls_08_10/FBX/Scifi_Walls_10.fbx using Guid(d007ea8ac8c9b48f9b669ff448478e6b) Importer(815301076,1909f56bfc062723c751e8b465ee728b)  -> (artifact id: 'b6b05bb264d7749636ad9e75ce833eb4') in 0.032349 seconds
  Import took 0.035033 seconds .

========================================================================
Received Import Request.
  Time since last request: 0.627690 seconds.
  path: Assets/GameDevHQ/FileBase/3D/Environments/Sci-Fi/Scifi_Walls_08_10/FBX/Scifi_Walls_Base_01.fbx
  artifactKey: Guid(7ea050bf955f24d0eab37a4401a61385) Importer(815301076,1909f56bfc062723c751e8b465ee728b)
Start importing Assets/GameDevHQ/FileBase/3D/Environments/Sci-Fi/Scifi_Walls_08_10/FBX/Scifi_Walls_Base_01.fbx using Guid(7ea050bf955f24d0eab37a4401a61385) Importer(815301076,1909f56bfc062723c751e8b465ee728b)  -> (artifact id: 'ec3f13024e1ce2e43a7f209940de2b5b') in 0.028560 seconds
  Import took 0.031310 seconds .

========================================================================
Received Import Request.
  Time since last request: 0.874523 seconds.
  path: Assets/GameDevHQ/FileBase/3D/Environments/Sci-Fi/Scifi_Walls_08_10/FBX/Scifi_Walls_Base_02.fbx
  artifactKey: Guid(667cb2486c2874ca8b0b91e44c21702f) Importer(815301076,1909f56bfc062723c751e8b465ee728b)
Start importing Assets/GameDevHQ/FileBase/3D/Environments/Sci-Fi/Scifi_Walls_08_10/FBX/Scifi_Walls_Base_02.fbx using Guid(667cb2486c2874ca8b0b91e44c21702f) Importer(815301076,1909f56bfc062723c751e8b465ee728b)  -> (artifact id: 'b0f2c43451b722caba9bd2a08e49f338') in 0.061880 seconds
  Import took 0.064724 seconds .

========================================================================
Received Import Request.
  Time since last request: 0.790867 seconds.
  path: Assets/GameDevHQ/FileBase/3D/Environments/Sci-Fi/Scifi_Walls_08_10/FBX/Scifi_Walls_Crown_01.fbx
  artifactKey: Guid(b227f8b44fc774be0be71de1df8c987f) Importer(815301076,1909f56bfc062723c751e8b465ee728b)
Start importing Assets/GameDevHQ/FileBase/3D/Environments/Sci-Fi/Scifi_Walls_08_10/FBX/Scifi_Walls_Crown_01.fbx using Guid(b227f8b44fc774be0be71de1df8c987f) Importer(815301076,1909f56bfc062723c751e8b465ee728b)  -> (artifact id: '7d8c991fc081427b0f68459227e48afb') in 0.050219 seconds
  Import took 0.052970 seconds .

========================================================================
Received Import Request.
  Time since last request: 1.148969 seconds.
  path: Assets/GameDevHQ/FileBase/3D/Environments/Sci-Fi/Scifi_Walls_08_10/FBX/Scifi_Walls_Crown_02.fbx
  artifactKey: Guid(ca7c3b364686e4047b652028d4e81bbb) Importer(815301076,1909f56bfc062723c751e8b465ee728b)
Start importing Assets/GameDevHQ/FileBase/3D/Environments/Sci-Fi/Scifi_Walls_08_10/FBX/Scifi_Walls_Crown_02.fbx using Guid(ca7c3b364686e4047b652028d4e81bbb) Importer(815301076,1909f56bfc062723c751e8b465ee728b)  -> (artifact id: '5383b96b7b1bf5972475addc421a9d6f') in 0.027158 seconds
  Import took 0.029852 seconds .

========================================================================
Received Import Request.
  Time since last request: 377.358119 seconds.
  path: Assets/Prefab/Cieling
  artifactKey: Guid(a79a71c8ee5549748a6054cd040ef5fb) Importer(815301076,1909f56bfc062723c751e8b465ee728b)
Start importing Assets/Prefab/Cieling using Guid(a79a71c8ee5549748a6054cd040ef5fb) Importer(815301076,1909f56bfc062723c751e8b465ee728b)  -> (artifact id: 'e93a1fefaec8137506be36d53d29f079') in 0.007785 seconds
  Import took 0.010770 seconds .

========================================================================
Received Import Request.
  Time since last request: 12.769244 seconds.
  path: Assets/Prefab/Ceiling
  artifactKey: Guid(118aa699888be7242b5738b81fe0072d) Importer(815301076,1909f56bfc062723c751e8b465ee728b)
Start importing Assets/Prefab/Ceiling using Guid(118aa699888be7242b5738b81fe0072d) Importer(815301076,1909f56bfc062723c751e8b465ee728b)  -> (artifact id: '8a2887f7f47173351b1834904cb54bbe') in 0.006787 seconds
  Import took 0.009071 seconds .

========================================================================
Received Import Request.
  Time since last request: 57.283637 seconds.
  path: Assets/Prefab/Cieling/Ceiling
  artifactKey: Guid(ee8003989447eaf44867e1394d2e4603) Importer(815301076,1909f56bfc062723c751e8b465ee728b)
Start importing Assets/Prefab/Cieling/Ceiling using Guid(ee8003989447eaf44867e1394d2e4603) Importer(815301076,1909f56bfc062723c751e8b465ee728b)  -> (artifact id: 'a21e4c4f005f6e145d7484f8e24e5791') in 0.002791 seconds
  Import took 0.005269 seconds .

========================================================================
Received Import Request.
  Time since last request: 12.796420 seconds.
  path: Assets/Prefab/Ceiling/Strut_01.prefab
  artifactKey: Guid(5471381e49b31f541a8866d1bcde8ea7) Importer(815301076,1909f56bfc062723c751e8b465ee728b)
Start importing Assets/Prefab/Ceiling/Strut_01.prefab using Guid(5471381e49b31f541a8866d1bcde8ea7) Importer(815301076,1909f56bfc062723c751e8b465ee728b)  -> (artifact id: '936a31ff79faa10487dc1cb22651efe8') in 0.047746 seconds
  Import took 0.051311 seconds .

========================================================================
Received Import Request.
  Time since last request: 10.788884 seconds.
  path: Assets/Prefab/Columns
  artifactKey: Guid(0e712b2bcbb1d4f4a9505780c0998744) Importer(815301076,1909f56bfc062723c751e8b465ee728b)
Start importing Assets/Prefab/Columns using Guid(0e712b2bcbb1d4f4a9505780c0998744) Importer(815301076,1909f56bfc062723c751e8b465ee728b)  -> (artifact id: 'ac6d60525cf585c3a9b14f72d3677df5') in 0.007050 seconds
  Import took 0.010520 seconds .

AssetImportWorkerClient::OnTransportError - code=2 error=End of file
